<?xml version="1.0" encoding="UTF-8"?>
<!-- Generated by org.testng.reporters.JUnitReportReporter -->
<testsuite hostname="LAPTOP-JVTF571D" failures="0" tests="1" name="com.saikumar.testng.CarLoan" time="0.020" errors="0" timestamp="2023-03-31T17:53:51 IST" skipped="0">
  <testcase classname="com.saikumar.testng.CarLoan" name="APILoginCarLoan" time="0.020"/>
  <system-out/>
</testsuite> <!-- com.saikumar.testng.CarLoan -->
